Running from: C:\Users\enenra\AppData\Roaming\SpaceEngineers\Mods\A Galaxy Far Away\GFA - TIE-LN Starfighter\Content\Models\Cubes\small 
Command: D:\Modding\Space Engineers\SEUT\seut-assets\Tools\MWMBuilder\MwmBuilder.exe /f /s:C:\Users\enenra\AppData\Roaming\SpaceEngineers\Mods\A Galaxy Far Away\GFA - TIE-LN Starfighter\Content\Models\Cubes\small /m:GFA_TIEFighter_Pose*.fbx /o:C:\Users\enenra\AppData\Roaming\SpaceEngineers\Mods\A Galaxy Far Away\GFA - TIE-LN Starfighter\Content\Models\Cubes\small /x:D:\Modding\Space Engineers\SEUT\seut-assets\Materials 
D:\Modding\Space Engineers\SEUT\seut-assets\Materials\Armors.xml: 
    Materialslib
D:\Modding\Space Engineers\SEUT\seut-assets\Materials\Character.xml: 
    Materialslib
D:\Modding\Space Engineers\SEUT\seut-assets\Materials\enenra.xml: 
    Materialslib
D:\Modding\Space Engineers\SEUT\seut-assets\Materials\Foliage.xml: 
    Materialslib
D:\Modding\Space Engineers\SEUT\seut-assets\Materials\GFA.xml: 
    Materialslib
D:\Modding\Space Engineers\SEUT\seut-assets\Materials\Items.xml: 
    Materialslib
D:\Modding\Space Engineers\SEUT\seut-assets\Materials\LODs.xml: 
    Materialslib
D:\Modding\Space Engineers\SEUT\seut-assets\Materials\Materials.xml: 
    Materialslib
D:\Modding\Space Engineers\SEUT\seut-assets\Materials\PlayerItems.xml: 
    Materialslib
D:\Modding\Space Engineers\SEUT\seut-assets\Materials\Voxels.xml: 
    Materialslib
Material Libraries: 
    Material libraries were successfully loaded from path: D:\Modding\Space Engineers\SEUT\seut-assets\Materials
: 
    **FileName: C:\Users\enenra\AppData\Roaming\SpaceEngineers\Mods\A Galaxy Far Away\GFA - TIE-LN Starfighter\Content\Models\Cubes\small\GFA_TIEFighter_Pose.fbx
: 
    **Filename (without extension): GFA_TIEFighter_Pose
: 
    **Directory Name: C:\Users\enenra\AppData\Roaming\SpaceEngineers\Mods\A Galaxy Far Away\GFA - TIE-LN Starfighter\Content\Models\Cubes\small
: 
    **Number of characters to cull: 103
: 
    **Culled Path: Models\Cubes\small
Meshes: 
    Found 0 meshe(s).
Animations: 
    Found 1 animation(s).
C:\Users\enenra\AppData\Roaming\SpaceEngineers\Mods\A Galaxy Far Away\GFA - TIE-LN Starfighter\Content\Models\Cubes\small\GFA_TIEFighter_Pose.fbx: 
    : Finished in 0.2s
