Running from: C:\Users\admin\AppData\Roaming\SpaceEngineers\Mods\GFA_Stormtroper\Models\Characters 
Command: D:\SEMODS\Tools\MWMBuilder\MwmBuilder.exe /f /s:C:\Users\admin\AppData\Roaming\SpaceEngineers\Mods\GFA_Stormtroper\Models\Characters /m:StormTrooper*.fbx /o:C:\Users\admin\AppData\Roaming\SpaceEngineers\Mods\GFA_Stormtroper\Models\Characters /x:D:\SEMODS\Materials 
D:\SEMODS\Materials\Armors.xml: 
    Materialslib
D:\SEMODS\Materials\Character.xml: 
    Materialslib
D:\SEMODS\Materials\enenra.xml: 
    Materialslib
D:\SEMODS\Materials\Foliage.xml: 
    Materialslib
D:\SEMODS\Materials\GFA.xml: 
    Materialslib
D:\SEMODS\Materials\Items.xml: 
    Materialslib
D:\SEMODS\Materials\LODs.xml: 
    Materialslib
D:\SEMODS\Materials\Materials.xml: 
    Materialslib
D:\SEMODS\Materials\PlayerItems.xml: 
    Materialslib
D:\SEMODS\Materials\Voxels.xml: 
    Materialslib
Material Libraries: 
    Material libraries were successfully loaded from path: D:\SEMODS\Materials
: 
    **FileName: C:\Users\admin\AppData\Roaming\SpaceEngineers\Mods\GFA_Stormtroper\Models\Characters\StormTrooper.fbx
: 
    **Filename (without extension): StormTrooper
: 
    **Directory Name: C:\Users\admin\AppData\Roaming\SpaceEngineers\Mods\GFA_Stormtroper\Models\Characters
: 
    **Number of characters to cull: 67
: 
    **Culled Path: Models\Characters
Meshes: 
    Found 5 meshe(s).
Animations: 
    Found 0 animation(s).
: WARNING: 
    Assimp.Meshhas UV with 3 identical vectors in a row, this likely means you have a face with an UV is 0-size which will cause SE to make the entire model shaderless.
: 
    Processing Vertex Bone Weights for Mesh: 1
: 
    Processing Vertex Bone Weights for Mesh: 2
: 
    Processing Vertex Bone Weights for Mesh: 3
: 
    Processing Vertex Bone Weights for Mesh: 4
: 
    Processing Vertex Bone Weights for Mesh: 5
C:\Users\admin\AppData\Roaming\SpaceEngineers\Mods\GFA_Stormtroper\Models\Characters\StormTrooper.fbx: 
    : Finished in 0.4s
