Running from: C:\Users\enenra\AppData\Roaming\SpaceEngineers\Mods\A Galaxy Far Away\GFA - T-65 X-Wing Kit\Content\Models\Cubes\small 
Command: D:\Modding\Space Engineers\SEUT\seut-assets\Tools\MWMBuilder\MwmBuilder.exe /f /s:C:\Users\enenra\AppData\Roaming\SpaceEngineers\Mods\A Galaxy Far Away\GFA - T-65 X-Wing Kit\Content\Models\Cubes\small /m:GFA_SG_XWing_Wing*.fbx /o:C:\Users\enenra\AppData\Roaming\SpaceEngineers\Mods\A Galaxy Far Away\GFA - T-65 X-Wing Kit\Content\Models\Cubes\small /x:D:\Modding\Space Engineers\SEUT\seut-assets\Materials 
D:\Modding\Space Engineers\SEUT\seut-assets\Materials\Armors.xml: 
    Materialslib
D:\Modding\Space Engineers\SEUT\seut-assets\Materials\Character.xml: 
    Materialslib
D:\Modding\Space Engineers\SEUT\seut-assets\Materials\enenra.xml: 
    Materialslib
D:\Modding\Space Engineers\SEUT\seut-assets\Materials\Foliage.xml: 
    Materialslib
D:\Modding\Space Engineers\SEUT\seut-assets\Materials\GFA.xml: 
    Materialslib
D:\Modding\Space Engineers\SEUT\seut-assets\Materials\Items.xml: 
    Materialslib
D:\Modding\Space Engineers\SEUT\seut-assets\Materials\LODs.xml: 
    Materialslib
D:\Modding\Space Engineers\SEUT\seut-assets\Materials\Materials.xml: 
    Materialslib
D:\Modding\Space Engineers\SEUT\seut-assets\Materials\PlayerItems.xml: 
    Materialslib
D:\Modding\Space Engineers\SEUT\seut-assets\Materials\Voxels.xml: 
    Materialslib
Material Libraries: 
    Material libraries were successfully loaded from path: D:\Modding\Space Engineers\SEUT\seut-assets\Materials
: 
    **FileName: C:\Users\enenra\AppData\Roaming\SpaceEngineers\Mods\A Galaxy Far Away\GFA - T-65 X-Wing Kit\Content\Models\Cubes\small\GFA_SG_XWing_Wing_BS2.fbx
: 
    **Filename (without extension): GFA_SG_XWing_Wing_BS2
: 
    **Directory Name: C:\Users\enenra\AppData\Roaming\SpaceEngineers\Mods\A Galaxy Far Away\GFA - T-65 X-Wing Kit\Content\Models\Cubes\small
: 
    **Number of characters to cull: 100
: 
    **Culled Path: Models\Cubes\small
Meshes: 
    Found 4 meshe(s).
Animations: 
    Found 0 animation(s).
C:\Users\enenra\AppData\Roaming\SpaceEngineers\Mods\A Galaxy Far Away\GFA - T-65 X-Wing Kit\Content\Models\Cubes\small\GFA_SG_XWing_Wing_BS2.fbx: 
    : Finished in 0.2s
: 
    **FileName: C:\Users\enenra\AppData\Roaming\SpaceEngineers\Mods\A Galaxy Far Away\GFA - T-65 X-Wing Kit\Content\Models\Cubes\small\GFA_SG_XWing_Wing_BS3.fbx
: 
    **Filename (without extension): GFA_SG_XWing_Wing_BS3
: 
    **Directory Name: C:\Users\enenra\AppData\Roaming\SpaceEngineers\Mods\A Galaxy Far Away\GFA - T-65 X-Wing Kit\Content\Models\Cubes\small
: 
    **Number of characters to cull: 100
: 
    **Culled Path: Models\Cubes\small
Meshes: 
    Found 4 meshe(s).
Animations: 
    Found 0 animation(s).
C:\Users\enenra\AppData\Roaming\SpaceEngineers\Mods\A Galaxy Far Away\GFA - T-65 X-Wing Kit\Content\Models\Cubes\small\GFA_SG_XWing_Wing_BS3.fbx: 
    : Finished in 0.3s
: 
    **FileName: C:\Users\enenra\AppData\Roaming\SpaceEngineers\Mods\A Galaxy Far Away\GFA - T-65 X-Wing Kit\Content\Models\Cubes\small\GFA_SG_XWing_Wing.fbx
: 
    **Filename (without extension): GFA_SG_XWing_Wing
: 
    **Directory Name: C:\Users\enenra\AppData\Roaming\SpaceEngineers\Mods\A Galaxy Far Away\GFA - T-65 X-Wing Kit\Content\Models\Cubes\small
: 
    **Number of characters to cull: 100
: 
    **Culled Path: Models\Cubes\small
Meshes: 
    Found 7 meshe(s).
Animations: 
    Found 0 animation(s).
C:\Users\enenra\AppData\Roaming\SpaceEngineers\Mods\A Galaxy Far Away\GFA - T-65 X-Wing Kit\Content\Models\Cubes\small\GFA_SG_XWing_Wing.fbx: 
    : Finished in 0.3s
: 
    **FileName: C:\Users\enenra\AppData\Roaming\SpaceEngineers\Mods\A Galaxy Far Away\GFA - T-65 X-Wing Kit\Content\Models\Cubes\small\GFA_SG_XWing_Wing_LOD1.fbx
: 
    **Filename (without extension): GFA_SG_XWing_Wing_LOD1
: 
    **Directory Name: C:\Users\enenra\AppData\Roaming\SpaceEngineers\Mods\A Galaxy Far Away\GFA - T-65 X-Wing Kit\Content\Models\Cubes\small
: 
    **Number of characters to cull: 100
: 
    **Culled Path: Models\Cubes\small
Meshes: 
    Found 7 meshe(s).
Animations: 
    Found 0 animation(s).
C:\Users\enenra\AppData\Roaming\SpaceEngineers\Mods\A Galaxy Far Away\GFA - T-65 X-Wing Kit\Content\Models\Cubes\small\GFA_SG_XWing_Wing_LOD1.fbx: 
    : Finished in 0.3s
: 
    **FileName: C:\Users\enenra\AppData\Roaming\SpaceEngineers\Mods\A Galaxy Far Away\GFA - T-65 X-Wing Kit\Content\Models\Cubes\small\GFA_SG_XWing_Wing_LOD2.fbx
: 
    **Filename (without extension): GFA_SG_XWing_Wing_LOD2
: 
    **Directory Name: C:\Users\enenra\AppData\Roaming\SpaceEngineers\Mods\A Galaxy Far Away\GFA - T-65 X-Wing Kit\Content\Models\Cubes\small
: 
    **Number of characters to cull: 100
: 
    **Culled Path: Models\Cubes\small
Meshes: 
    Found 5 meshe(s).
Animations: 
    Found 0 animation(s).
C:\Users\enenra\AppData\Roaming\SpaceEngineers\Mods\A Galaxy Far Away\GFA - T-65 X-Wing Kit\Content\Models\Cubes\small\GFA_SG_XWing_Wing_LOD2.fbx: 
    : Finished in 0.3s
: 
    **FileName: C:\Users\enenra\AppData\Roaming\SpaceEngineers\Mods\A Galaxy Far Away\GFA - T-65 X-Wing Kit\Content\Models\Cubes\small\GFA_SG_XWing_Wing_BS1.fbx
: 
    **Filename (without extension): GFA_SG_XWing_Wing_BS1
: 
    **Directory Name: C:\Users\enenra\AppData\Roaming\SpaceEngineers\Mods\A Galaxy Far Away\GFA - T-65 X-Wing Kit\Content\Models\Cubes\small
: 
    **Number of characters to cull: 100
: 
    **Culled Path: Models\Cubes\small
Meshes: 
    Found 1 meshe(s).
Animations: 
    Found 0 animation(s).
C:\Users\enenra\AppData\Roaming\SpaceEngineers\Mods\A Galaxy Far Away\GFA - T-65 X-Wing Kit\Content\Models\Cubes\small\GFA_SG_XWing_Wing_BS1.fbx: 
    : Finished in 0.3s
: 
    **FileName: C:\Users\enenra\AppData\Roaming\SpaceEngineers\Mods\A Galaxy Far Away\GFA - T-65 X-Wing Kit\Content\Models\Cubes\small\GFA_SG_XWing_Wing_LOD3.fbx
: 
    **Filename (without extension): GFA_SG_XWing_Wing_LOD3
: 
    **Directory Name: C:\Users\enenra\AppData\Roaming\SpaceEngineers\Mods\A Galaxy Far Away\GFA - T-65 X-Wing Kit\Content\Models\Cubes\small
: 
    **Number of characters to cull: 100
: 
    **Culled Path: Models\Cubes\small
Meshes: 
    Found 4 meshe(s).
Animations: 
    Found 0 animation(s).
C:\Users\enenra\AppData\Roaming\SpaceEngineers\Mods\A Galaxy Far Away\GFA - T-65 X-Wing Kit\Content\Models\Cubes\small\GFA_SG_XWing_Wing_LOD3.fbx: 
    : Finished in 0.3s
: 
    **FileName: C:\Users\enenra\AppData\Roaming\SpaceEngineers\Mods\A Galaxy Far Away\GFA - T-65 X-Wing Kit\Content\Models\Cubes\small\GFA_SG_XWing_Wing_BS1_LOD1.fbx
: 
    **Filename (without extension): GFA_SG_XWing_Wing_BS1_LOD1
: 
    **Directory Name: C:\Users\enenra\AppData\Roaming\SpaceEngineers\Mods\A Galaxy Far Away\GFA - T-65 X-Wing Kit\Content\Models\Cubes\small
: 
    **Number of characters to cull: 100
: 
    **Culled Path: Models\Cubes\small
Meshes: 
    Found 2 meshe(s).
Animations: 
    Found 0 animation(s).
C:\Users\enenra\AppData\Roaming\SpaceEngineers\Mods\A Galaxy Far Away\GFA - T-65 X-Wing Kit\Content\Models\Cubes\small\GFA_SG_XWing_Wing_BS1_LOD1.fbx: 
    : Finished in 0.3s
